<?xml version="1.0" encoding="UTF-8"?>
<testsuite xmlns:xsi="http://www.w3.org/2001/XMLSchema-instance" xsi:noNamespaceSchemaLocation="https://maven.apache.org/surefire/maven-surefire-plugin/xsd/surefire-test-report.xsd" version="3.0.2" name="in.strikes.profileDemo.ProfileDemoApplicationTests" time="1.05" tests="1" errors="0" skipped="0" failures="0" flakes="0">
  <properties>
[...]
</properties>
  <testcase name="contextLoads" classname="in.strikes.profileDemo.ProfileDemoApplicationTests" time="0.36">
    <system-out><![CDATA[13:50:11.365 [main] INFO org.springframework.test.context.support.AnnotationConfigContextLoaderUtils -- Could not detect default configuration classes for test class [in.strikes.profileDemo.ProfileDemoApplicationTests]: ProfileDemoApplicationTests does not declare any static, non-private, non-final, nested classes annotated with @Configuration.
13:50:11.417 [main] INFO org.springframework.boot.test.context.SpringBootTestContextBootstrapper -- Found @SpringBootConfiguration in.strikes.profileDemo.ProfileDemoApplication for test class in.strikes.profileDemo.ProfileDemoApplicationTests
13:50:11.447 [main] INFO org.springframework.test.context.support.AnnotationConfigContextLoaderUtils -- Could not detect default configuration classes for test class [in.strikes.profileDemo.ProfileDemoApplicationTests]: ProfileDemoApplicationTests does not declare any static, non-private, non-final, nested classes annotated with @Configuration.
13:50:11.448 [main] INFO org.springframework.boot.test.context.SpringBootTestContextBootstrapper -- Found @SpringBootConfiguration in.strikes.profileDemo.ProfileDemoApplication for test class in.strikes.profileDemo.ProfileDemoApplicationTests

  .   ____          _            __ _ _
 /\\ / ___'_ __ _ _(_)_ __  __ _ \ \ \ \
( ( )\___ | '_ | '_| | '_ \/ _` | \ \ \ \
 \\/  ___)| |_)| | | | | || (_| |  ) ) ) )
  '  |____| .__|_| |_|_| |_\__, | / / / /
 =========|_|==============|___/=/_/_/_/

 :: Spring Boot ::                (v4.1.0)

2026-07-09T13:50:11.594+05:30  INFO 2375 --- [profileDemo] [           main] i.s.p.ProfileDemoApplicationTests        : Starting ProfileDemoApplicationTests using Java 23.0.2 with PID 2375 (started by adityatandon in /Users/adityatandon/Desktop/profileDemo)
2026-07-09T13:50:11.595+05:30  INFO 2375 --- [profileDemo] [           main] i.s.p.ProfileDemoApplicationTests        : The following 1 profile is active: "staging"
2026-07-09T13:50:11.975+05:30  INFO 2375 --- [profileDemo] [           main] i.s.p.ProfileDemoApplicationTests        : Started ProfileDemoApplicationTests in 0.504 seconds (process running for 0.933)
]]></system-out>
    <system-err><![CDATA[Mockito is currently self-attaching to enable the inline-mock-maker. This will no longer work in future releases of the JDK. Please add Mockito as an agent to your build as described in Mockito's documentation: https://javadoc.io/doc/org.mockito/mockito-core/latest/org.mockito/org/mockito/Mockito.html#0.3
WARNING: A Java agent has been loaded dynamically (/Users/adityatandon/.m2/repository/net/bytebuddy/byte-buddy-agent/1.18.10/byte-buddy-agent-1.18.10.jar)
WARNING: If a serviceability tool is in use, please run with -XX:+EnableDynamicAgentLoading to hide this warning
WARNING: If a serviceability tool is not in use, please run with -Djdk.instrument.traceUsage for more information
WARNING: Dynamic loading of agents will be disallowed by default in a future release
]]></system-err>
  </testcase>
</testsuite>